<?xml version="1.0" encoding="UTF-8"?>
<testsuite xmlns:xsi="http://www.w3.org/2001/XMLSchema-instance" xsi:noNamespaceSchemaLocation="https://maven.apache.org/surefire/maven-surefire-plugin/xsd/surefire-test-report-3.0.xsd" version="3.0" name="org.openjfx.ModellTest" time="0.519" tests="4" errors="0" skipped="0" failures="0">
  <properties>
[...]
</properties>
  <testcase name="generateBombsTest" classname="org.openjfx.ModellTest" time="0.069"/>
  <testcase name="doYouWinTest" classname="org.openjfx.ModellTest" time="0.005"/>
  <testcase name="inboxXTest" classname="org.openjfx.ModellTest" time="0.003"/>
  <testcase name="inboxYTest" classname="org.openjfx.ModellTest" time="0.002"/>
</testsuite>